<?xml version="1.0" encoding="UTF-8"?>
<!-- Generated by org.testng.reporters.JUnitReportReporter -->
<testsuite hostname="ANONYMOUS" failures="0" tests="1" name="com.sevenrmartsupermarket.tests.AdminUsersTest" time="8.463" errors="0" timestamp="15 Oct 2023 14:50:52 GMT" skipped="0">
  <testcase classname="com.sevenrmartsupermarket.tests.AdminUsersTest" name="verifyUserDeactivation" time="8.463"/>
</testsuite> <!-- com.sevenrmartsupermarket.tests.AdminUsersTest -->
