<?xml version="1.0" encoding="UTF-8"?>
<!-- Generated by org.testng.reporters.JUnitReportReporter -->
<testsuite hostname="ANONYMOUS" failures="0" tests="3" name="com.sevenrmartsupermarket.tests.PushNotificationTest" time="21.654" errors="0" timestamp="12 Oct 2023 02:30:30 GMT" skipped="0">
  <testcase classname="com.sevenrmartsupermarket.tests.PushNotificationTest" name="verifyPushNotificationClickSuccessMessage" time="7.296"/>
  <testcase classname="com.sevenrmartsupermarket.tests.PushNotificationTest" name="verifyPushNotificationClickSuccessMessage" time="7.383"/>
  <testcase classname="com.sevenrmartsupermarket.tests.PushNotificationTest" name="verifyPushNotificationClickSuccessMessage" time="6.975"/>
</testsuite> <!-- com.sevenrmartsupermarket.tests.PushNotificationTest -->
